[    0.000000] Linux version 4.15.0-74-generic (buildd@lcy01-amd64-022) (gcc version 7.4.0 (Ubuntu 7.4.0-1ubuntu1~18.04.1)) #84-Ubuntu SMP Thu Dec 19 08:06:28 UTC 2019 (Ubuntu 4.15.0-74.84-generic 4.15.18)
[    0.000000] Command line: BOOT_IMAGE=/boot/vmlinuz-4.15.0-74-generic root=LABEL=cloudimg-rootfs ro console=tty1 console=ttyS0
[    0.000000] KERNEL supported cpus:
[    0.000000]   Intel GenuineIntel
[    0.000000]   AMD AuthenticAMD
[    0.000000]   Centaur CentaurHauls
[    0.000000] x86/fpu: Supporting XSAVE feature 0x001: 'x87 floating point registers'
[    0.000000] x86/fpu: Supporting XSAVE feature 0x002: 'SSE registers'
[    0.000000] x86/fpu: Supporting XSAVE feature 0x004: 'AVX registers'
[    0.000000] x86/fpu: xstate_offset[2]:  576, xstate_sizes[2]:  256
[    0.000000] x86/fpu: Enabled xstate features 0x7, context size is 832 bytes, using 'standard' format.
[    0.000000] e820: BIOS-provided physical RAM map:
[    0.000000] BIOS-e820: [mem 0x0000000000000000-0x000000000009fbff] usable
[    0.000000] BIOS-e820: [mem 0x000000000009fc00-0x000000000009ffff] reserved
[    0.000000] BIOS-e820: [mem 0x00000000000f0000-0x00000000000fffff] reserved
[    0.000000] BIOS-e820: [mem 0x0000000000100000-0x000000003ffeffff] usable
[    0.000000] BIOS-e820: [mem 0x000000003fff0000-0x000000003fffffff] ACPI data
[    0.000000] BIOS-e820: [mem 0x00000000fec00000-0x00000000fec00fff] reserved
[    0.000000] BIOS-e820: [mem 0x00000000fee00000-0x00000000fee00fff] reserved
[    0.000000] BIOS-e820: [mem 0x00000000fffc0000-0x00000000ffffffff] reserved
[    0.000000] NX (Execute Disable) protection: active
[    0.000000] SMBIOS 2.5 present.
[    0.000000] DMI: innotek GmbH VirtualBox/VirtualBox, BIOS VirtualBox 12/01/2006
[    0.000000] Hypervisor detected: KVM
[    0.000000] e820: last_pfn = 0x3fff0 max_arch_pfn = 0x400000000
[    0.000000] MTRR: Disabled
[    0.000000] x86/PAT: MTRRs disabled, skipping PAT initialization too.
[    0.000000] CPU MTRRs all blank - virtualized system.
[    0.000000] x86/PAT: Configuration [0-7]: WB  WT  UC- UC  WB  WT  UC- UC  
[    0.000000] found SMP MP-table at [mem 0x0009fff0-0x0009ffff]
[    0.000000] Scanning 1 areas for low memory corruption
[    0.000000] RAMDISK: [mem 0x35a6f000-0x36d2efff]
[    0.000000] ACPI: Early table checksum verification disabled
[    0.000000] ACPI: RSDP 0x00000000000E0000 000024 (v02 VBOX  )
[    0.000000] ACPI: XSDT 0x000000003FFF0030 00003C (v01 VBOX   VBOXXSDT 00000001 ASL  00000061)
[    0.000000] ACPI: FACP 0x000000003FFF00F0 0000F4 (v04 VBOX   VBOXFACP 00000001 ASL  00000061)
[    0.000000] ACPI: DSDT 0x000000003FFF0470 0022EA (v02 VBOX   VBOXBIOS 00000002 INTL 20100528)
[    0.000000] ACPI: FACS 0x000000003FFF0200 000040
[    0.000000] ACPI: FACS 0x000000003FFF0200 000040
[    0.000000] ACPI: APIC 0x000000003FFF0240 00005C (v02 VBOX   VBOXAPIC 00000001 ASL  00000061)
[    0.000000] ACPI: SSDT 0x000000003FFF02A0 0001CC (v01 VBOX   VBOXCPUT 00000002 INTL 20100528)
[    0.000000] No NUMA configuration found
[    0.000000] Faking a node at [mem 0x0000000000000000-0x000000003ffeffff]
[    0.000000] NODE_DATA(0) allocated [mem 0x3ffc5000-0x3ffeffff]
[    0.000000] kvm-clock: cpu 0, msr 0:3ff44001, primary cpu clock
[    0.000000] kvm-clock: Using msrs 4b564d01 and 4b564d00
[    0.000000] kvm-clock: using sched offset of 3833121845 cycles
[    0.000000] clocksource: kvm-clock: mask: 0xffffffffffffffff max_cycles: 0x1cd42e4dffb, max_idle_ns: 881590591483 ns
[    0.000000] Zone ranges:
[    0.000000]   DMA      [mem 0x0000000000001000-0x0000000000ffffff]
[    0.000000]   DMA32    [mem 0x0000000001000000-0x000000003ffeffff]
[    0.000000]   Normal   empty
[    0.000000]   Device   empty
[    0.000000] Movable zone start for each node
[    0.000000] Early memory node ranges
[    0.000000]   node   0: [mem 0x0000000000001000-0x000000000009efff]
[    0.000000]   node   0: [mem 0x0000000000100000-0x000000003ffeffff]
[    0.000000] Reserved but unavailable: 98 pages
[    0.000000] Initmem setup node 0 [mem 0x0000000000001000-0x000000003ffeffff]
[    0.000000] ACPI: PM-Timer IO Port: 0x4008
[    0.000000] IOAPIC[0]: apic_id 2, version 32, address 0xfec00000, GSI 0-23
[    0.000000] ACPI: INT_SRC_OVR (bus 0 bus_irq 0 global_irq 2 dfl dfl)
[    0.000000] ACPI: INT_SRC_OVR (bus 0 bus_irq 9 global_irq 9 low level)
[    0.000000] Using ACPI (MADT) for SMP configuration information
[    0.000000] smpboot: Allowing 2 CPUs, 0 hotplug CPUs
[    0.000000] PM: Registered nosave memory: [mem 0x00000000-0x00000fff]
[    0.000000] PM: Registered nosave memory: [mem 0x0009f000-0x0009ffff]
[    0.000000] PM: Registered nosave memory: [mem 0x000a0000-0x000effff]
[    0.000000] PM: Registered nosave memory: [mem 0x000f0000-0x000fffff]
[    0.000000] e820: [mem 0x40000000-0xfebfffff] available for PCI devices
[    0.000000] Booting paravirtualized kernel on KVM
[    0.000000] clocksource: refined-jiffies: mask: 0xffffffff max_cycles: 0xffffffff, max_idle_ns: 7645519600211568 ns
[    0.000000] random: get_random_bytes called from start_kernel+0x99/0x4fd with crng_init=0
[    0.000000] setup_percpu: NR_CPUS:8192 nr_cpumask_bits:2 nr_cpu_ids:2 nr_node_ids:1
[    0.000000] percpu: Embedded 45 pages/cpu s147456 r8192 d28672 u1048576
[    0.000000] PV qspinlock hash table entries: 256 (order: 0, 4096 bytes)
[    0.000000] Built 1 zonelists, mobility grouping on.  Total pages: 257913
[    0.000000] Policy zone: DMA32
[    0.000000] Kernel command line: BOOT_IMAGE=/boot/vmlinuz-4.15.0-74-generic root=LABEL=cloudimg-rootfs ro console=tty1 console=ttyS0
[    0.000000] Memory: 983080K/1048120K available (12300K kernel code, 2481K rwdata, 4260K rodata, 2428K init, 2704K bss, 65040K reserved, 0K cma-reserved)
[    0.000000] SLUB: HWalign=64, Order=0-3, MinObjects=0, CPUs=2, Nodes=1
[    0.000000] Kernel/User page tables isolation: enabled
[    0.000000] ftrace: allocating 39322 entries in 154 pages
[    0.004000] Hierarchical RCU implementation.
[    0.004000] 	RCU restricting CPUs from NR_CPUS=8192 to nr_cpu_ids=2.
[    0.004000] 	Tasks RCU enabled.
[    0.004000] RCU: Adjusting geometry for rcu_fanout_leaf=16, nr_cpu_ids=2
[    0.004000] NR_IRQS: 524544, nr_irqs: 440, preallocated irqs: 16
[    0.004000] Console: colour VGA+ 80x25
[    0.004000] console [tty1] enabled
[    0.004000] console [ttyS0] enabled
[    0.004000] ACPI: Core revision 20170831
[    0.004000] ACPI: 2 ACPI AML tables successfully acquired and loaded
[    0.004000] APIC: Switch to symmetric I/O mode setup
[    0.004000] x2apic enabled
[    0.004000] Switched APIC routing to physical x2apic.
[    0.004000] ..TIMER: vector=0x30 apic1=0 pin1=2 apic2=-1 pin2=-1
[    0.004005] tsc: Detected 2712.002 MHz processor
[    0.008011] Calibrating delay loop (skipped) preset value.. 5424.00 BogoMIPS (lpj=10848008)
[    0.009913] pid_max: default: 32768 minimum: 301
[    0.011060] Security Framework initialized
[    0.012003] Yama: becoming mindful.
[    0.013174] AppArmor: AppArmor initialized
[    0.016057] Dentry cache hash table entries: 131072 (order: 8, 1048576 bytes)
[    0.017912] Inode-cache hash table entries: 65536 (order: 7, 524288 bytes)
[    0.020018] Mount-cache hash table entries: 2048 (order: 2, 16384 bytes)
[    0.021546] Mountpoint-cache hash table entries: 2048 (order: 2, 16384 bytes)
[    0.024407] Last level iTLB entries: 4KB 64, 2MB 8, 4MB 8
[    0.025523] Last level dTLB entries: 4KB 64, 2MB 0, 4MB 0, 1GB 4
[    0.026694] Spectre V1 : Mitigation: usercopy/swapgs barriers and __user pointer sanitization
[    0.028004] Spectre V2 : Mitigation: Full generic retpoline
[    0.029265] Spectre V2 : Spectre v2 / SpectreRSB mitigation: Filling RSB on context switch
[    0.032002] Speculative Store Bypass: Vulnerable
[    0.033129] MDS: Vulnerable: Clear CPU buffers attempted, no microcode
[    0.034781] Freeing SMP alternatives memory: 36K
[    0.142735] smpboot: CPU0: Intel(R) Core(TM) i5-7200U CPU @ 2.50GHz (family: 0x6, model: 0x8e, stepping: 0x9)
[    0.144000] Performance Events: unsupported p6 CPU model 142 no PMU driver, software events only.
[    0.144038] Hierarchical SRCU implementation.
[    0.145707] NMI watchdog: Perf event create on CPU 0 failed with -2
[    0.147121] NMI watchdog: Perf NMI watchdog permanently disabled
[    0.148067] smp: Bringing up secondary CPUs ...
[    0.149228] x86: Booting SMP configuration:
[    0.150236] .... node  #0, CPUs:      #1
[    0.004000] kvm-clock: cpu 1, msr 0:3ff44041, secondary cpu clock
[    0.155371] smp: Brought up 1 node, 2 CPUs
[    0.156005] smpboot: Max logical packages: 1
[    0.157241] smpboot: Total of 2 processors activated (10848.00 BogoMIPS)
[    0.159226] devtmpfs: initialized
[    0.160060] x86/mm: Memory block size: 128MB
[    0.161236] evm: security.selinux
[    0.162064] evm: security.SMACK64
[    0.162881] evm: security.SMACK64EXEC
[    0.164004] evm: security.SMACK64TRANSMUTE
[    0.165023] evm: security.SMACK64MMAP
[    0.165935] evm: security.apparmor
[    0.166803] evm: security.ima
[    0.167664] evm: security.capability
[    0.168230] clocksource: jiffies: mask: 0xffffffff max_cycles: 0xffffffff, max_idle_ns: 7645041785100000 ns
[    0.172017] futex hash table entries: 512 (order: 3, 32768 bytes)
[    0.176000] pinctrl core: initialized pinctrl subsystem
[    0.176140] RTC time: 14:55:41, date: 01/21/20
[    0.180055] NET: Registered protocol family 16
[    0.181325] audit: initializing netlink subsys (disabled)
[    0.182669] audit: type=2000 audit(1579618546.511:1): state=initialized audit_enabled=0 res=1
[    0.184015] cpuidle: using governor ladder
[    0.185045] cpuidle: using governor menu
[    0.186357] ACPI: bus type PCI registered
[    0.188005] acpiphp: ACPI Hot Plug PCI Controller Driver version: 0.5
[    0.189628] PCI: Using configuration type 1 for base access
[    0.192663] HugeTLB registered 2.00 MiB page size, pre-allocated 0 pages
[    0.193480] ACPI: Added _OSI(Module Device)
[    0.196004] ACPI: Added _OSI(Processor Device)
[    0.197184] ACPI: Added _OSI(3.0 _SCP Extensions)
[    0.198257] ACPI: Added _OSI(Processor Aggregator Device)
[    0.199573] ACPI: Added _OSI(Linux-Dell-Video)
[    0.200009] ACPI: Added _OSI(Linux-Lenovo-NV-HDMI-Audio)
[    0.201216] ACPI: Added _OSI(Linux-HPI-Hybrid-Graphics)
[    0.204354] ACPI: Executed 1 blocks of module-level executable AML code
[    0.210733] ACPI: Interpreter enabled
[    0.211699] ACPI: (supports S0 S5)
[    0.212004] ACPI: Using IOAPIC for interrupt routing
[    0.213562] PCI: Using host bridge windows from ACPI; if necessary, use "pci=nocrs" and report a bug
[    0.215839] ACPI: Enabled 2 GPEs in block 00 to 07
[    0.225406] ACPI: PCI Root Bridge [PCI0] (domain 0000 [bus 00-ff])
[    0.226901] acpi PNP0A03:00: _OSC: OS supports [ASPM ClockPM Segments MSI]
[    0.228667] acpi PNP0A03:00: _OSC: not requesting OS control; OS requires [ExtendedConfig ASPM ClockPM MSI]
[    0.231014] acpi PNP0A03:00: fail to add MMCONFIG information, can't access extended PCI configuration space under this bridge.
[    0.232454] PCI host bridge to bus 0000:00
[    0.233422] pci_bus 0000:00: root bus resource [io  0x0000-0x0cf7 window]
[    0.236004] pci_bus 0000:00: root bus resource [io  0x0d00-0xffff window]
[    0.237484] pci_bus 0000:00: root bus resource [mem 0x000a0000-0x000bffff window]
[    0.240003] pci_bus 0000:00: root bus resource [mem 0x40000000-0xfdffffff window]
[    0.241761] pci_bus 0000:00: root bus resource [bus 00-ff]
[    0.245731] pci 0000:00:01.1: legacy IDE quirk: reg 0x10: [io  0x01f0-0x01f7]
[    0.247119] pci 0000:00:01.1: legacy IDE quirk: reg 0x14: [io  0x03f6]
[    0.248004] pci 0000:00:01.1: legacy IDE quirk: reg 0x18: [io  0x0170-0x0177]
[    0.249392] pci 0000:00:01.1: legacy IDE quirk: reg 0x1c: [io  0x0376]
[    0.274205] pci 0000:00:07.0: quirk: [io  0x4000-0x403f] claimed by PIIX4 ACPI
[    0.276019] pci 0000:00:07.0: quirk: [io  0x4100-0x410f] claimed by PIIX4 SMB
[    0.286194] ACPI: PCI Interrupt Link [LNKA] (IRQs 5 9 10 *11)
[    0.287986] ACPI: PCI Interrupt Link [LNKB] (IRQs 5 9 *10 11)
[    0.288150] ACPI: PCI Interrupt Link [LNKC] (IRQs 5 *9 10 11)
[    0.289606] ACPI: PCI Interrupt Link [LNKD] (IRQs 5 9 10 *11)
[    0.292399] SCSI subsystem initialized
[    0.293404] pci 0000:00:02.0: vgaarb: setting as boot VGA device
[    0.293447] pci 0000:00:02.0: vgaarb: VGA device added: decodes=io+mem,owns=io+mem,locks=none
[    0.296016] pci 0000:00:02.0: vgaarb: bridge control possible
[    0.297265] vgaarb: loaded
[    0.298077] ACPI: bus type USB registered
[    0.300029] usbcore: registered new interface driver usbfs
[    0.301245] usbcore: registered new interface driver hub
[    0.302482] usbcore: registered new device driver usb
[    0.304077] EDAC MC: Ver: 3.0.0
[    0.305100] PCI: Using ACPI for IRQ routing
[    0.305372] NetLabel: Initializing
[    0.308005] NetLabel:  domain hash size = 128
[    0.309065] NetLabel:  protocols = UNLABELED CIPSOv4 CALIPSO
[    0.310369] NetLabel:  unlabeled traffic allowed by default
[    0.312085] clocksource: Switched to clocksource kvm-clock
[    0.332543] VFS: Disk quotas dquot_6.6.0
[    0.333548] VFS: Dquot-cache hash table entries: 512 (order 0, 4096 bytes)
[    0.335180] AppArmor: AppArmor Filesystem Enabled
[    0.336313] pnp: PnP ACPI init
[    0.338411] pnp: PnP ACPI: found 3 devices
[    0.349922] clocksource: acpi_pm: mask: 0xffffff max_cycles: 0xffffff, max_idle_ns: 2085701024 ns
[    0.351975] NET: Registered protocol family 2
[    0.353187] TCP established hash table entries: 8192 (order: 4, 65536 bytes)
[    0.354858] TCP bind hash table entries: 8192 (order: 5, 131072 bytes)
[    0.356983] TCP: Hash tables configured (established 8192 bind 8192)
[    0.360957] UDP hash table entries: 512 (order: 2, 16384 bytes)
[    0.362255] UDP-Lite hash table entries: 512 (order: 2, 16384 bytes)
[    0.363728] NET: Registered protocol family 1
[    0.364807] pci 0000:00:00.0: Limiting direct PCI/PCI transfers
[    0.366095] pci 0000:00:01.0: Activating ISA DMA hang workarounds
[    0.367464] pci 0000:00:02.0: Video device with shadowed ROM at [mem 0x000c0000-0x000dffff]
[    0.369508] Unpacking initramfs...
[    0.714231] Freeing initrd memory: 19200K
[    0.715380] clocksource: tsc: mask: 0xffffffffffffffff max_cycles: 0x2717880cafa, max_idle_ns: 440795252614 ns
[    0.717791] platform rtc_cmos: registered platform RTC device (no PNP device found)
[    0.719567] Scanning for low memory corruption every 60 seconds
[    0.721963] Initialise system trusted keyrings
[    0.723065] Key type blacklist registered
[    0.724138] workingset: timestamp_bits=36 max_order=18 bucket_order=0
[    0.726772] zbud: loaded
[    0.728106] squashfs: version 4.0 (2009/01/31) Phillip Lougher
[    0.731528] fuse init (API version 7.26)
[    0.736179] Key type asymmetric registered
[    0.737753] Asymmetric key parser 'x509' registered
[    0.739182] Block layer SCSI generic (bsg) driver version 0.4 loaded (major 246)
[    0.741517] io scheduler noop registered
[    0.742363] io scheduler deadline registered
[    0.743331] io scheduler cfq registered (default)
[    0.744727] ACPI: AC Adapter [AC] (on-line)
[    0.745697] input: Power Button as /devices/LNXSYSTM:00/LNXPWRBN:00/input/input0
[    0.747295] ACPI: Power Button [PWRF]
[    0.748265] input: Sleep Button as /devices/LNXSYSTM:00/LNXSLPBN:00/input/input1
[    0.749979] ACPI: Sleep Button [SLPF]
[    0.752168] Serial: 8250/16550 driver, 32 ports, IRQ sharing enabled
[    0.752319] ACPI: Battery Slot [BAT0] (battery present)
[    0.776116] 00:02: ttyS0 at I/O 0x3f8 (irq = 4, base_baud = 115200) is a 16550A
[    0.780609] Linux agpgart interface v0.103
[    0.782970] loop: module loaded
[    0.784657] scsi host0: ata_piix
[    0.785651] scsi host1: ata_piix
[    0.786436] ata1: PATA max UDMA/33 cmd 0x1f0 ctl 0x3f6 bmdma 0xd000 irq 14
[    0.787777] ata2: PATA max UDMA/33 cmd 0x170 ctl 0x376 bmdma 0xd008 irq 15
[    0.789331] libphy: Fixed MDIO Bus: probed
[    0.790258] tun: Universal TUN/TAP device driver, 1.6
[    0.791370] PPP generic driver version 2.4.2
[    0.792395] ehci_hcd: USB 2.0 'Enhanced' Host Controller (EHCI) Driver
[    0.793714] ehci-pci: EHCI PCI platform driver
[    0.794648] ehci-platform: EHCI generic platform driver
[    0.795704] ohci_hcd: USB 1.1 'Open' Host Controller (OHCI) Driver
[    0.796951] ohci-pci: OHCI PCI platform driver
[    0.797889] ohci-platform: OHCI generic platform driver
[    0.798944] uhci_hcd: USB Universal Host Controller Interface driver
[    0.800290] i8042: PNP: PS/2 Controller [PNP0303:PS2K,PNP0f03:PS2M] at 0x60,0x64 irq 1,12
[    0.802571] serio: i8042 KBD port at 0x60,0x64 irq 1
[    0.803658] serio: i8042 AUX port at 0x60,0x64 irq 12
[    0.804783] mousedev: PS/2 mouse device common for all mice
[    0.806265] input: AT Translated Set 2 keyboard as /devices/platform/i8042/serio0/input/input2
[    0.808662] rtc_cmos rtc_cmos: rtc core: registered rtc_cmos as rtc0
[    0.810203] rtc_cmos rtc_cmos: alarms up to one day, 114 bytes nvram
[    0.811619] i2c /dev entries driver
[    0.812630] device-mapper: uevent: version 1.0.3
[    0.813850] device-mapper: ioctl: 4.37.0-ioctl (2017-09-20) initialised: dm-devel@redhat.com
[    0.815862] ledtrig-cpu: registered to indicate activity on CPUs
[    0.818074] NET: Registered protocol family 10
[    0.823008] Segment Routing with IPv6
[    0.823924] NET: Registered protocol family 17
[    0.825187] Key type dns_resolver registered
[    0.826633] mce: Using 0 MCE banks
[    0.827510] RAS: Correctable Errors collector initialized.
[    0.828807] sched_clock: Marking stable (828780054, 0)->(1079012094, -250232040)
[    0.831292] registered taskstats version 1
[    0.832272] Loading compiled-in X.509 certificates
[    0.836377] Loaded X.509 cert 'Build time autogenerated kernel key: 62d24f9c726e026b112735485dad6e6e4b50c923'
[    0.838833] zswap: loaded using pool lzo/zbud
[    0.844233] Key type big_key registered
[    0.845222] Key type trusted registered
[    0.848177] Key type encrypted registered
[    0.849183] AppArmor: AppArmor sha1 policy hashing enabled
[    0.850388] ima: No TPM chip found, activating TPM-bypass! (rc=-19)
[    0.851751] ima: Allocated hash algorithm: sha1
[    0.852934] evm: HMAC attrs: 0x1
[    0.854063]   Magic number: 4:921:940
[    0.855147] rtc_cmos rtc_cmos: setting system clock to 2020-01-21 14:55:41 UTC (1579618541)
[    0.857309] BIOS EDD facility v0.16 2004-Jun-25, 0 devices found
[    0.858580] EDD information not available.
[    0.967312] Freeing unused kernel image memory: 2428K
[    0.972990] Write protecting the kernel read-only data: 20480k
[    0.982628] Freeing unused kernel image memory: 2008K
[    0.986126] Freeing unused kernel image memory: 1884K
[    1.003331] x86/mm: Checked W+X mappings: passed, no W+X pages found.
[    1.005629] x86/mm: Checking user space page tables
[    1.020104] x86/mm: Checked W+X mappings: passed, no W+X pages found.
Loading, please wait...
starting version 237
[    1.095755] e1000: Intel(R) PRO/1000 Network Driver - version 7.3.21-k8-NAPI
[    1.098115] e1000: Copyright (c) 1999-2006 Intel Corporation.
[    1.109462] Fusion MPT base driver 3.04.20
[    1.110711] Copyright (c) 1999-2008 LSI Corporation
[    1.119987] Fusion MPT SPI Host driver 3.04.20
[    1.144555] AVX2 version of gcm_enc/dec engaged.
[    1.145611] AES CTR mode by8 optimization enabled
[    1.320052] input: ImExPS/2 Generic Explorer Mouse as /devices/platform/i8042/serio1/input/input4
[    1.531215] e1000 0000:00:03.0 eth0: (PCI:33MHz:32-bit) 02:22:e7:1f:39:14
[    1.533774] e1000 0000:00:03.0 eth0: Intel(R) PRO/1000 Network Connection
[    1.539252] e1000 0000:00:03.0 enp0s3: renamed from eth0
[    1.540108] mptbase: ioc0: Initiating bringup
[    1.654362] ioc0: LSI53C1030 A0: Capabilities={Initiator}
[    2.689090] scsi host2: ioc0: LSI53C1030 A0, FwRev=00000000h, Ports=1, MaxQ=256, IRQ=20
[    2.908494] scsi 2:0:0:0: Direct-Access     VBOX     HARDDISK         1.0  PQ: 0 ANSI: 5
[    2.944640] scsi target2:0:0: Beginning Domain Validation
[    2.960122] scsi target2:0:0: Domain Validation skipping write tests
[    2.965582] scsi target2:0:0: Ending Domain Validation
[    2.970671] scsi target2:0:0: asynchronous
[    2.976560] scsi 2:0:1:0: Direct-Access     VBOX     HARDDISK         1.0  PQ: 0 ANSI: 5
[    3.016361] scsi target2:0:1: Beginning Domain Validation
[    3.023086] random: fast init done
[    3.025781] scsi target2:0:1: Domain Validation skipping write tests
[    3.028450] scsi target2:0:1: Ending Domain Validation
[    3.031130] scsi target2:0:1: asynchronous
[    3.044791] random: systemd-udevd: uninitialized urandom read (16 bytes read)
[    3.047820] random: systemd-udevd: uninitialized urandom read (16 bytes read)
[    3.051184] random: systemd-udevd: uninitialized urandom read (16 bytes read)
[    3.054174] sd 2:0:0:0: Attached scsi generic sg0 type 0
[    3.055982] sd 2:0:0:0: [sda] 20971520 512-byte logical blocks: (10.7 GB/10.0 GiB)
[    3.056416] sd 2:0:1:0: [sdb] 20480 512-byte logical blocks: (10.5 MB/10.0 MiB)
[    3.058333] sd 2:0:1:0: Attached scsi generic sg1 type 0
[    3.061768] sd 2:0:1:0: [sdb] Write Protect is off
[    3.062112] sd 2:0:0:0: [sda] Write Protect is off
[    3.065150] sd 2:0:1:0: [sdb] Incomplete mode parameter data
[    3.065160] sd 2:0:0:0: [sda] Incomplete mode parameter data
[    3.067011] sd 2:0:1:0: [sdb] Assuming drive cache: write through
[    3.068218] sd 2:0:0:0: [sda] Assuming drive cache: write through
[    3.077357]  sda: sda1
[    3.079463] sd 2:0:1:0: [sdb] Attached SCSI disk
[    3.080769] sd 2:0:0:0: [sda] Attached SCSI disk
Begin: Loading essential drivers ... [    4.796091] raid6: sse2x1   gen() 10479 MB/s
[    4.844016] raid6: sse2x1   xor()  7675 MB/s
[    4.892726] raid6: sse2x2   gen() 12819 MB/s
[    4.940532] raid6: sse2x2   xor()  8767 MB/s
[    4.988032] raid6: sse2x4   gen() 12655 MB/s
[    5.036212] raid6: sse2x4   xor()  6875 MB/s
[    5.084005] raid6: avx2x1   gen() 19542 MB/s
[    5.132806] raid6: avx2x1   xor() 15066 MB/s
[    5.180633] raid6: avx2x2   gen() 25197 MB/s
[    5.229395] raid6: avx2x2   xor() 15741 MB/s
[    5.276268] raid6: avx2x4   gen() 28540 MB/s
[    5.324095] raid6: avx2x4   xor() 17288 MB/s
[    5.325217] raid6: using algorithm avx2x4 gen() 28540 MB/s
[    5.326482] raid6: .... xor() 17288 MB/s, rmw enabled
[    5.327643] raid6: using avx2x2 recovery algorithm
[    5.330416] xor: automatically using best checksumming function   avx       
[    5.333635] async_tx: api initialized (async)
done.
Begin: Running /scripts/init-premount ... done.
Begin: Mounting root file system ... Begin: Running /scripts/local-top ... done.
Begin: Running /scripts/local-premount ... [    5.385976] Btrfs loaded, crc32c=crc32c-intel
Scanning for Btrfs filesystems
done.
Warning: fsck not present, so skipping root file system
[    5.420806] EXT4-fs (sda1): mounted filesystem with ordered data mode. Opts: (null)
done.
Begin: Running /scripts/local-bottom ... done.
Begin: Running /scripts/init-bottom ... done.
[    5.601404] ip_tables: (C) 2000-2006 Netfilter Core Team
[    5.611187] systemd[1]: systemd 237 running in system mode. (+PAM +AUDIT +SELINUX +IMA +APPARMOR +SMACK +SYSVINIT +UTMP +LIBCRYPTSETUP +GCRYPT +GNUTLS +ACL +XZ +LZ4 +SECCOMP +BLKID +ELFUTILS +KMOD -IDN2 +IDN -PCRE2 default-hierarchy=hybrid)
[    5.615401] systemd[1]: Detected virtualization oracle.
[    5.616612] systemd[1]: Detected architecture x86-64.

Welcome to [1mUbuntu 18.04.3 LTS[0m!

[    5.623177] systemd[1]: Set hostname to <ubuntu>.
[    5.628882] systemd[1]: Initializing machine ID from random generator.
[    5.630347] systemd[1]: Installed transient /etc/machine-id file.
[    5.947684] systemd[1]: Started Forward Password Requests to Wall Directory Watch.
[[0;32m  OK  [0m] Started Forward Password Requests to Wall Directory Watch.
[    5.952334] systemd[1]: Created slice System Slice.
[[0;32m  OK  [0m] Created slice System Slice.
[    5.954350] systemd[1]: Listening on Network Service Netlink Socket.
[[0;32m  OK  [0m] Listening on Network Service Netlink Socket.
[    5.956786] systemd[1]: Listening on Device-mapper event daemon FIFOs.
[[0;32m  OK  [0m] Listening on Device-mapper event daemon FIFOs.
[[0;32m  OK  [0m] Listening on Journal Socket.
         Starting Set the console keyboard layout...
         Starting Load Kernel Modules...
         Mounting Kernel Debug File System...
[[0;32m  OK  [0m] Listening on udev Control Socket.
[[0;32m  OK  [0m] Set up automount Arbitrary Executab…rmats File System Automount Point.
[[0;32m  OK  [0m] Reached target User and Group Name Lookups.
[[0;32m  OK  [0m] Listening on udev Kernel Socket.
         Mounting Huge Pages File System...
         Mounting POSIX Message Queue File System...
         Starting Uncomplicated firewall...
[[0;32m  OK  [0m] Listening on Syslog Socket.
[    6.019511] Loading iSCSI transport class v2.0-870.
[[0;32m  OK  [0m] Listening on Journal Audit Socket.
[[0;32m  OK  [0m] Listening on LVM2 poll daemon socket.
[[0;32m  OK  [0m] Listening on Journal Socket (/dev/log).
         Starting Journal Service...
[    6.045258] iscsi: registered transport (tcp)
         Starting udev Coldplug all Devices...
[[0;32m  OK  [0m] Reached target Swap.
         Starting Remount Root and Kernel File Systems...
         Starting Create list of required st…ce nodes for the current kernel...
[[0;32m  OK  [0m] Created slice system-serial\x2dgetty.slice.
[[0;32m  OK  [0m] Listening on /dev/initctl Compatibility Named Pipe.
[[0;32m  OK  [0m] Listening on LVM2 metadata daemon socket.
[[0;32m  OK  [0m] Created slice User and Session Slice.
[[0;32m  OK  [0m] Reached target Slices.
         Starting Monitoring of LVM2 mirrors…ng dmeventd or progress polling...
[[0;32m  OK  [0m] Reached target System Time Synchronized.
[[0;32m  OK  [0m] Mounted Kernel Debug File System.
[[0;32m  OK  [0m] Mounted Huge Pages File System.
[[0;32m  OK  [0m] Mounted POSIX Message Queue File System.
[[0;32m  OK  [0m] Started Uncomplicated firewall.
[[0;32m  OK  [0m] Started Create list of required sta…vice nodes for the current kernel.
         Starting Create Static Device Nodes in /dev...
[[0;32m  OK  [0m] Started LVM2 metadata daemon.
[    6.167426] iscsi: registered transport (iser)
[[0;32m  OK  [0m] Started Load Kernel Modules.
         Mounting Kernel Configuration File System...
         Starting Apply Kernel Variables...
[    6.175684] EXT4-fs (sda1): re-mounted. Opts: (null)
         Mounting FUSE Control File System...
[[0;32m  OK  [0m] Mounted Kernel Configuration File System.
[[0;32m  OK  [0m] Started Remount Root and Kernel File Systems.
[[0;32m  OK  [0m] Mounted FUSE Control File System.
         Starting Load/Save Random Seed...
[[0;32m  OK  [0m] Started Journal Service.
[[0;32m  OK  [0m] Started Set the console keyboard layout.
[[0;32m  OK  [0m] Started udev Coldplug all Devices.
         Starting Flush Journal to Persistent Storage...
[[0;32m  OK  [0m] Started Create Static Device Nodes in /dev.
         Starting udev Kernel Device Manager...
[[0;32m  OK  [0m] Started Monitoring of LVM2 mirrors,…sing dmeventd or progress polling.
[[0;32m  OK  [0m] Reached target Local File Systems (Pre).
[[0;32m  OK  [0m] Reached target Local File Systems.
         Starting Commit a transient machine-id on disk...
         Starting Tell Plymouth To Write Out Runtime Data...
         Starting AppArmor initialization...
         Starting Set console font and keymap...
         Starting ebtables ruleset management...
[[0;32m  OK  [0m] Started Apply Kernel Variables.
[[0;32m  OK  [0m] Started Load/Save Random Seed.
[[0;32m  OK  [0m] Started udev Kernel Device Manager.
[[0;32m  OK  [0m] Started Dispatch Password Requests to Console Directory Watch.
[[0;32m  OK  [0m] Reached target Local Encrypted Volumes.
[[0;32m  OK  [0m] Started Tell Plymouth To Write Out Runtime Data.
[[0;32m  OK  [0m] Started Set console font and keymap.
[[0;32m  OK  [0m] Started Commit a transient machine-id on disk.
[[0;32m  OK  [0m] Started Flush Journal to Persistent Storage.
         Starting Create Volatile Files and Directories...
[[0;32m  OK  [0m] Started Create Volatile Files and Directories.
         Starting Update UTMP about System Boot/Shutdown...
[[0;32m  OK  [0m] Started Update UTMP about System Boot/Shutdown.
[[0;32m  OK  [0m] Started ebtables ruleset management.
[[0;32m  OK  [0m] Found device /dev/ttyS0.
[[0;32m  OK  [0m] Listening on Load/Save RF Kill Switch Status /dev/rfkill Watch.
[[0;32m  OK  [0m] Started AppArmor initialization.
         Starting Initial cloud-init job (pre-networking)...
[    9.811197] cloud-init[549]: Cloud-init v. 19.3-41-gc4735dd3-0ubuntu1~18.04.1 running 'init-local' at Tue, 21 Jan 2020 14:55:49 +0000. Up 9.29 seconds.
[[0;32m  OK  [0m] Started Initial cloud-init job (pre-networking).
[[0;32m  OK  [0m] Reached target Network (Pre).
         Starting Network Service...
[[0;32m  OK  [0m] Started Network Service.
         Starting Network Name Resolution...
         Starting Wait for Network to be Configured...
[[0;32m  OK  [0m] Started Network Name Resolution.
[[0;32m  OK  [0m] Reached target Network.
[[0;32m  OK  [0m] Reached target Host and Network Name Lookups.
[[0;32m  OK  [0m] Started Wait for Network to be Configured.
         Starting Initial cloud-init job (metadata service crawler)...
[   12.777600] cloud-init[663]: Cloud-init v. 19.3-41-gc4735dd3-0ubuntu1~18.04.1 running 'init' at Tue, 21 Jan 2020 14:55:53 +0000. Up 12.45 seconds.
[   12.782778] cloud-init[663]: ci-info: ++++++++++++++++++++++++++++++++++++++Net device info++++++++++++++++++++++++++++++++++++++
[   12.785307] cloud-init[663]: ci-info: +--------+------+----------------------------+---------------+--------+-------------------+
[   12.787932] cloud-init[663]: ci-info: | Device |  Up  |          Address           |      Mask     | Scope  |     Hw-Address    |
[   12.790238] cloud-init[663]: ci-info: +--------+------+----------------------------+---------------+--------+-------------------+
[   12.792969] cloud-init[663]: ci-info: | enp0s3 | True |         10.0.2.15          | 255.255.255.0 | global | 02:22:e7:1f:39:14 |
[   12.796428] cloud-init[663]: ci-info: | enp0s3 | True | fe80::22:e7ff:fe1f:3914/64 |       .       |  link  | 02:22:e7:1f:39:14 |
[   12.799606] cloud-init[663]: ci-info: |   lo   | True |         127.0.0.1          |   255.0.0.0   |  host  |         .         |
[   12.802610] cloud-init[663]: ci-info: |   lo   | True |          ::1/128           |       .       |  host  |         .         |
[   12.805623] cloud-init[663]: ci-info: +--------+------+----------------------------+---------------+--------+-------------------+
[   12.808623] cloud-init[663]: ci-info: ++++++++++++++++++++++++++++Route IPv4 info+++++++++++++++++++++++++++++
[   12.811486] cloud-init[663]: ci-info: +-------+-------------+----------+-----------------+-----------+-------+
[   12.814515] cloud-init[663]: ci-info: | Route | Destination | Gateway  |     Genmask     | Interface | Flags |
[   12.817908] cloud-init[663]: ci-info: +-------+-------------+----------+-----------------+-----------+-------+
[   12.820834] cloud-init[663]: ci-info: |   0   |   0.0.0.0   | 10.0.2.2 |     0.0.0.0     |   enp0s3  |   UG  |
[   12.824840] cloud-init[663]: ci-info: |   1   |   10.0.2.0  | 0.0.0.0  |  255.255.255.0  |   enp0s3  |   U   |
[   12.829263] cloud-init[663]: ci-info: |   2   |   10.0.2.2  | 0.0.0.0  | 255.255.255.255 |   enp0s3  |   UH  |
[   12.832955] cloud-init[663]: ci-info: +-------+-------------+----------+-----------------+-----------+-------+
[   12.836543] cloud-init[663]: ci-info: +++++++++++++++++++Route IPv6 info+++++++++++++++++++
[   12.839047] cloud-init[663]: ci-info: +-------+-------------+---------+-----------+-------+
[   12.840675] cloud-init[663]: ci-info: | Route | Destination | Gateway | Interface | Flags |
[   12.852563] cloud-init[663]: ci-info: +-------+-------------+---------+-----------+-------+
[   12.854667] cloud-init[663]: ci-info: |   1   |  fe80::/64  |    ::   |   enp0s3  |   U   |
[   12.856345] cloud-init[663]: ci-info: |   3   |    local    |    ::   |   enp0s3  |   U   |
[   12.858221] cloud-init[663]: ci-info: |   4   |   ff00::/8  |    ::   |   enp0s3  |   U   |
[   12.859929] cloud-init[663]: ci-info: +-------+-------------+---------+-----------+-------+
[   14.195106] cloud-init[663]: Generating public/private rsa key pair.
[   14.196716] cloud-init[663]: Your identification has been saved in /etc/ssh/ssh_host_rsa_key.
[   14.198706] cloud-init[663]: Your public key has been saved in /etc/ssh/ssh_host_rsa_key.pub.
[   14.200249] cloud-init[663]: The key fingerprint is:
[   14.201342] cloud-init[663]: SHA256:AJA9xHgHC5+6gBWtNMIim+YzaqefHj+4pkXU+O22POM root@ubuntu-bionic
[   14.203158] cloud-init[663]: The key's randomart image is:
[   14.204817] cloud-init[663]: +---[RSA 2048]----+
[   14.206184] cloud-init[663]: |. +O+.           |
[   14.207349] cloud-init[663]: |+.=+O+.          |
[   14.208466] cloud-init[663]: |o=.*++.          |
[   14.209519] cloud-init[663]: |+oo.. ..         |
[   14.210526] cloud-init[663]: |= .. . .S        |
[   14.211469] cloud-init[663]: | =..  .          |
[   14.212463] cloud-init[663]: |. +o.  o         |
[   14.213756] cloud-init[663]: |...++.oo.        |
[   14.214999] cloud-init[663]: |.oB=..oEo        |
[   14.216326] cloud-init[663]: +----[SHA256]-----+
[   14.217548] cloud-init[663]: Generating public/private dsa key pair.
[   14.219412] cloud-init[663]: Your identification has been saved in /etc/ssh/ssh_host_dsa_key.
[   14.221538] cloud-init[663]: Your public key has been saved in /etc/ssh/ssh_host_dsa_key.pub.
[   14.223679] cloud-init[663]: The key fingerprint is:
[   14.224966] cloud-init[663]: SHA256:hjjYAp8srOZ18dxrZHAz+/VHM193jFpuedfR80Iesus root@ubuntu-bionic
[   14.227260] cloud-init[663]: The key's randomart image is:
[   14.228782] cloud-init[663]: +---[DSA 1024]----+
[   14.240279] cloud-init[663]: |                 |
[   14.241523] cloud-init[663]: |                 |
[   14.242659] cloud-init[663]: |.                |
[   14.243931] cloud-init[663]: |.+ + . o +       |
[   14.245047] cloud-init[663]: |..* +.. S +    o.|
[   14.245923] cloud-init[663]: |.. . .+..+  ..==B|
[   14.246894] cloud-init[663]: |.. . . oo.. .O.+%|
[   14.247846] cloud-init[663]: |o . .    ...o *.B|
[   14.248689] cloud-init[663]: | .      .. .Eo oo|
[   14.249497] cloud-init[663]: +----[SHA256]-----+
[   14.250411] cloud-init[663]: Generating public/private ecdsa key pair.
[   14.251656] cloud-init[663]: Your identification has been saved in /etc/ssh/ssh_host_ecdsa_key.
[   14.253038] cloud-init[663]: Your public key has been saved in /etc/ssh/ssh_host_ecdsa_key.pub.
[   14.255002] cloud-init[663]: The key fingerprint is:
[   14.256181] cloud-init[663]: SHA256:0QEDtklGiii/QNAlNv7EkmyHjEZHo0T4FEg/rKr5ofQ root@ubuntu-bionic
[   14.258153] cloud-init[663]: The key's randomart image is:
[   14.259066] cloud-init[663]: +---[ECDSA 256]---+
[   14.260009] cloud-init[663]: |=B**..*.o..      |
[   14.272334] cloud-init[663]: |*BBB.= o o .     |
[   14.273400] cloud-init[663]: |+*X+= o . .      |
[   14.287416] cloud-init[663]: |+oo=.    .       |
[   14.288545] cloud-init[663]: |... .   S        |
[   14.289839] cloud-init[663]: |.. .             |
[   14.291173] cloud-init[663]: |..o              |
[   14.292378] cloud-init[663]: |oo..             |
[   14.304621] cloud-init[663]: |+..E             |
[   14.305916] cloud-init[663]: +----[SHA256]-----+
[   14.307166] cloud-init[663]: Generating public/private ed25519 key pair.
[   14.320292] cloud-init[663]: Your identification has been saved in /etc/ssh/ssh_host_ed25519_key.
[   14.322849] cloud-init[663]: Your public key has been saved in /etc/ssh/ssh_host_ed25519_key.pub.
[   14.325410] cloud-init[663]: The key fingerprint is:
[   14.326736] cloud-init[663]: SHA256:/4X4OeICIT6h/IzXHqGxnF7fhuNwGX/brAXlFXVRJnY root@ubuntu-bionic
[   14.329085] cloud-init[663]: The key's randomart image is:
[   14.330635] cloud-init[663]: +--[ED25519 256]--+
[   14.331769] cloud-init[663]: |              ooE|
[   14.333083] cloud-init[663]: |             . +o|
[   14.334214] cloud-init[663]: |              . .|
[   14.335406] cloud-init[663]: |    o .      o . |
[   14.336771] cloud-init[663]: | . o.o..S   . .  |
[[0;32m  OK  [0m] Started Initial cloud-init job (metadata service crawler).
[[0;32m  OK  [0m] Reached target System Initialization.
[[0;32m  OK  [0m] Started Discard unused blocks once a week.
[   14.355040] cloud-init[663]: |  o.o=.. = . o   |
[   14.363214] cloud-init[663]: |   +=o+.o.+ o o  |
[   14.364164] cloud-init[663]: |  ..+..=+.o+.B   |
[   14.365143] cloud-init[663]: |   .....o=o.*oo  |
[   14.365996] cloud-init[663]: +----[SHA256]-----+
[[0;32m  OK  [0m] Started Daily Cleanup of Temporary Directories.
[[0;32m  OK  [0m] Started ACPI Events Check.
         Starting LXD - unix socket.
[[0;32m  OK  [0m] Listening on ACPID Listen Socket.
[[0;32m  OK  [0m] Listening on Open-iSCSI iscsid Socket.
[[0;32m  OK  [0m] Listening on D-Bus System Message Bus Socket.
[[0;32m  OK  [0m] Started Message of the Day.
[[0;32m  OK  [0m] Started Daily apt download activities.
[[0;32m  OK  [0m] Started Daily apt upgrade and clean activities.
[[0;32m  OK  [0m] Reached target Timers.
[[0;32m  OK  [0m] Reached target Paths.
[[0;32m  OK  [0m] Listening on UUID daemon activation socket.
         Starting Socket activation for snappy daemon.
[[0;32m  OK  [0m] Reached target Cloud-config availability.
[[0;32m  OK  [0m] Reached target Network is Online.
         Starting Availability of block devices...
[[0;32m  OK  [0m] Reached target Remote File Systems (Pre).
[[0;32m  OK  [0m] Reached target Remote File Systems.
[[0;32m  OK  [0m] Listening on LXD - unix socket.
[[0;32m  OK  [0m] Listening on Socket activation for snappy daemon.
[[0;32m  OK  [0m] Reached target Sockets.
[[0;32m  OK  [0m] Reached target Basic System.
[[0;32m  OK  [0m] Started Deferred execution scheduler.
[[0;32m  OK  [0m] Started D-Bus System Message Bus.
         Starting LXD - container startup/shutdown...
         Starting Virtualbox guest utils...
[[0;32m  OK  [0m] Started irqbalance daemon.
         Starting Pollinate to seed the pseudo random number generator...
         Starting LSB: Record successful boot for GRUB...
         Starting System Logging Service...
         Starting Accounts Service...
         Starting Dispatcher daemon for systemd-networkd...
         Starting LSB: automatic crash report generation...
[[0;32m  OK  [0m] Started FUSE filesystem for LXC.
         Starting Snappy daemon...
[[0;32m  OK  [0m] Started Regular background program processing daemon.
         Starting Permit User Sessions...
         Starting Login Service...
[[0;32m  OK  [0m] Started System Logging Service.
[[0;32m  OK  [0m] Started Availability of block devices.
[[0;32m  OK  [0m] Started LXD - container startup/shutdown.
[[0;32m  OK  [0m] Started Permit User Sessions.
         Starting Terminate Plymouth Boot Screen...
         Starting Hold until boot process finishes up...
         Starting Authorization Manager...
[[0;32m  OK  [0m] Started Hold until boot process finishes up.
         Starting Set console scheme...
[[0;32m  OK  [0m] Started Serial Getty on ttyS0.
[[0;32m  OK  [0m] Started Terminate Plymouth Boot Screen.
[[0;32m  OK  [0m] Started Authorization Manager.
[[0;32m  OK  [0m] Started Accounts Service.
[[0;32m  OK  [0m] Started Set console scheme.
[[0;32m  OK  [0m] Created slice system-getty.slice.
[[0;32m  OK  [0m] Started Getty on tty1.
[[0;32m  OK  [0m] Reached target Login Prompts.
[[0;32m  OK  [0m] Started Login Service.
[[0;32m  OK  [0m] Started Unattended Upgrades Shutdown.
[[0;32m  OK  [0m] Started Virtualbox guest utils.
[[0;32m  OK  [0m] Started LSB: automatic crash report generation.
[[0;32m  OK  [0m] Started LSB: Record successful boot for GRUB.
[[0;32m  OK  [0m] Started Dispatcher daemon for systemd-networkd.
[[0;32m  OK  [0m] Started Snappy daemon.
         Starting Wait until snapd is fully seeded...
[[0;32m  OK  [0m] Started Pollinate to seed the pseudo random number generator.
         Starting OpenBSD Secure Shell server...
[[0;32m  OK  [0m] Started OpenBSD Secure Shell server.
[[0;32m  OK  [0m] Created slice User Slice of vagrant.
         Starting User Manager for UID 1000...
[[0;32m  OK  [0m] Started Session 1 of user vagrant.
[[0;32m  OK  [0m] Started User Manager for UID 1000.
[[0;32m  OK  [0m] Started Wait until snapd is fully seeded.
[[0;32m  OK  [0m] Reached target Multi-User System.
[[0;32m  OK  [0m] Reached target Graphical Interface.
         Starting Update UTMP about System Runlevel Changes...
         Starting Apply the settings specified in cloud-config...
[[0;32m  OK  [0m] Started Update UTMP about System Runlevel Changes.
[   18.556316] cloud-init[1215]: Cloud-init v. 19.3-41-gc4735dd3-0ubuntu1~18.04.1 running 'modules:config' at Tue, 21 Jan 2020 14:55:58 +0000. Up 17.53 seconds.
[[0;32m  OK  [0m] Started Apply the settings specified in cloud-config.
         Starting Execute cloud user/final scripts...
ci-info: no authorized ssh keys fingerprints found for user ubuntu.
<14>Jan 21 14:56:00 ec2: 
<14>Jan 21 14:56:00 ec2: #############################################################
<14>Jan 21 14:56:00 ec2: -----BEGIN SSH HOST KEY FINGERPRINTS-----
<14>Jan 21 14:56:00 ec2: 1024 SHA256:hjjYAp8srOZ18dxrZHAz+/VHM193jFpuedfR80Iesus root@ubuntu-bionic (DSA)
<14>Jan 21 14:56:00 ec2: 256 SHA256:0QEDtklGiii/QNAlNv7EkmyHjEZHo0T4FEg/rKr5ofQ root@ubuntu-bionic (ECDSA)
<14>Jan 21 14:56:00 ec2: 256 SHA256:/4X4OeICIT6h/IzXHqGxnF7fhuNwGX/brAXlFXVRJnY root@ubuntu-bionic (ED25519)
<14>Jan 21 14:56:00 ec2: 2048 SHA256:AJA9xHgHC5+6gBWtNMIim+YzaqefHj+4pkXU+O22POM root@ubuntu-bionic (RSA)
<14>Jan 21 14:56:00 ec2: -----END SSH HOST KEY FINGERPRINTS-----
<14>Jan 21 14:56:00 ec2: #############################################################
-----BEGIN SSH HOST KEY KEYS-----
ecdsa-sha2-nistp256 AAAAE2VjZHNhLXNoYTItbmlzdHAyNTYAAAAIbmlzdHAyNTYAAABBBGiy7uGgSQeZ+hSa537CJiXiTaBFKDrcuK1I/1HJNQMj23jAU7h8PAiR0uaJZDu3Lh6af6yTyX212v3hNtSMW5Q= root@ubuntu-bionic
ssh-ed25519 AAAAC3NzaC1lZDI1NTE5AAAAIG++QHnxesFcdmtOjb/PsoPjyD9x+bLaATGaMdHPuObj root@ubuntu-bionic
ssh-rsa AAAAB3NzaC1yc2EAAAADAQABAAABAQDWlAj3Ch0uW0mtapPsoK5h94PH/bfy8xyfG7ck/ktCMNrX8eOfiI4W+tzpCBQTgzza3HFlPOvCIjmkFWn/a6j2L0DEUQOYIpyyRZkvdsgiynhF/sdzffymUSqsWcSfMR83JObnPtqeok7WC8HleBuVHS6n/yzwzXGS3xdC9Lv3hMCxJFDUUvHTSogsQkeNgd72jVH9p0wYao3iBQsoCcMuMI/sF7Yge0a1czvQ+A86kDgJBX3UbRee8o6kW3hg4ZDny/fqYWbc4lostWBUku4HiurUkickS4n35n2ReX9yera0JGQgtWlXWrU2KfKI7q1OGG6QCjCymrcB3riJ381l root@ubuntu-bionic
-----END SSH HOST KEY KEYS-----
[   19.585924] cloud-init[1330]: Cloud-init v. 19.3-41-gc4735dd3-0ubuntu1~18.04.1 running 'modules:final' at Tue, 21 Jan 2020 14:55:59 +0000. Up 19.30 seconds.
[   19.587338] cloud-init[1330]: ci-info: no authorized ssh keys fingerprints found for user ubuntu.
[   19.588931] cloud-init[1330]: Cloud-init v. 19.3-41-gc4735dd3-0ubuntu1~18.04.1 finished at Tue, 21 Jan 2020 14:56:00 +0000. Datasource DataSourceNoCloud [seed=/dev/sdb][dsmode=net].  Up 19.57 seconds
[[0;32m  OK  [0m] Started Execute cloud user/final scripts.
[[0;32m  OK  [0m] Reached target Cloud-init target.

Ubuntu 18.04.3 LTS ubuntu-bionic ttyS0

ubuntu-bionic login: 